{"C:\\Users\\HP\\Desktop\\Blog_API\\controllers\\publishedPostsController.js": {"path":"C:\\Users\\HP\\Desktop\\Blog_API\\controllers\\publishedPostsController.js","statementMap":{"0":{"start":{"line":1,"column":17},"end":{"line":1,"column":45}},"1":{"start":{"line":2,"column":13},"end":{"line":2,"column":37}},"2":{"start":{"line":7,"column":23},"end":{"line":44,"column":1}},"3":{"start":{"line":8,"column":18},"end":{"line":8,"column":33}},"4":{"start":{"line":9,"column":19},"end":{"line":9,"column":35}},"5":{"start":{"line":10,"column":16},"end":{"line":10,"column":29}},"6":{"start":{"line":11,"column":15},"end":{"line":11,"column":29}},"7":{"start":{"line":12,"column":33},"end":{"line":12,"column":42}},"8":{"start":{"line":13,"column":4},"end":{"line":43,"column":5}},"9":{"start":{"line":14,"column":26},"end":{"line":14,"column":84}},"10":{"start":{"line":15,"column":8},"end":{"line":15,"column":46}},"11":{"start":{"line":19,"column":8},"end":{"line":32,"column":9}},"12":{"start":{"line":20,"column":12},"end":{"line":20,"column":47}},"13":{"start":{"line":21,"column":15},"end":{"line":32,"column":9}},"14":{"start":{"line":22,"column":12},"end":{"line":22,"column":137}},"15":{"start":{"line":23,"column":15},"end":{"line":32,"column":9}},"16":{"start":{"line":24,"column":12},"end":{"line":28,"column":105}},"17":{"start":{"line":30,"column":12},"end":{"line":30,"column":123}},"18":{"start":{"line":33,"column":22},"end":{"line":33,"column":49}},"19":{"start":{"line":34,"column":8},"end":{"line":38,"column":11}},"20":{"start":{"line":40,"column":8},"end":{"line":42,"column":11}},"21":{"start":{"line":46,"column":0},"end":{"line":46,"column":35}}},"fnMap":{"0":{"name":"(anonymous_0)","decl":{"start":{"line":7,"column":23},"end":{"line":7,"column":24}},"loc":{"start":{"line":7,"column":43},"end":{"line":44,"column":1}},"line":7}},"branchMap":{"0":{"loc":{"start":{"line":12,"column":12},"end":{"line":12,"column":18}},"type":"default-arg","locations":[{"start":{"line":12,"column":17},"end":{"line":12,"column":18}}],"line":12},"1":{"loc":{"start":{"line":12,"column":20},"end":{"line":12,"column":28}},"type":"default-arg","locations":[{"start":{"line":12,"column":26},"end":{"line":12,"column":28}}],"line":12},"2":{"loc":{"start":{"line":15,"column":8},"end":{"line":15,"column":46}},"type":"cond-expr","locations":[{"start":{"line":15,"column":20},"end":{"line":15,"column":24}},{"start":{"line":15,"column":27},"end":{"line":15,"column":46}}],"line":15},"3":{"loc":{"start":{"line":19,"column":8},"end":{"line":32,"column":9}},"type":"if","locations":[{"start":{"line":19,"column":8},"end":{"line":32,"column":9}},{"start":{"line":21,"column":15},"end":{"line":32,"column":9}}],"line":19},"4":{"loc":{"start":{"line":21,"column":15},"end":{"line":32,"column":9}},"type":"if","locations":[{"start":{"line":21,"column":15},"end":{"line":32,"column":9}},{"start":{"line":23,"column":15},"end":{"line":32,"column":9}}],"line":21},"5":{"loc":{"start":{"line":23,"column":15},"end":{"line":32,"column":9}},"type":"if","locations":[{"start":{"line":23,"column":15},"end":{"line":32,"column":9}},{"start":{"line":29,"column":15},"end":{"line":32,"column":9}}],"line":23}},"s":{"0":1,"1":1,"2":1,"3":1,"4":1,"5":1,"6":1,"7":1,"8":1,"9":1,"10":1,"11":1,"12":0,"13":1,"14":0,"15":1,"16":0,"17":1,"18":0,"19":0,"20":0,"21":1},"f":{"0":1},"b":{"0":[1],"1":[1],"2":[0,1],"3":[0,1],"4":[0,1],"5":[0,1]},"_coverageSchema":"1a1c01bbd47fc00a2c39e90264f33305004495a9","hash":"16d417a36d738d786f99daa0b55541aea2fb250b"}
,"C:\\Users\\HP\\Desktop\\Blog_API\\model\\Post.js": {"path":"C:\\Users\\HP\\Desktop\\Blog_API\\model\\Post.js","statementMap":{"0":{"start":{"line":1,"column":17},"end":{"line":1,"column":36}},"1":{"start":{"line":3,"column":15},"end":{"line":3,"column":30}},"2":{"start":{"line":4,"column":19},"end":{"line":16,"column":22}},"3":{"start":{"line":18,"column":0},"end":{"line":18,"column":51}}},"fnMap":{},"branchMap":{},"s":{"0":1,"1":1,"2":1,"3":1},"f":{},"b":{},"_coverageSchema":"1a1c01bbd47fc00a2c39e90264f33305004495a9","hash":"ed5a8f1889f2d7141c431f0f3d1602bd1f7cbedc"}
,"C:\\Users\\HP\\Desktop\\Blog_API\\routes\\publishedPosts.js": {"path":"C:\\Users\\HP\\Desktop\\Blog_API\\routes\\publishedPosts.js","statementMap":{"0":{"start":{"line":1,"column":16},"end":{"line":1,"column":34}},"1":{"start":{"line":2,"column":28},"end":{"line":2,"column":44}},"2":{"start":{"line":8,"column":32},"end":{"line":8,"column":82}},"3":{"start":{"line":12,"column":0},"end":{"line":12,"column":69}},"4":{"start":{"line":14,"column":0},"end":{"line":14,"column":36}}},"fnMap":{},"branchMap":{},"s":{"0":1,"1":1,"2":1,"3":1,"4":1},"f":{},"b":{},"_coverageSchema":"1a1c01bbd47fc00a2c39e90264f33305004495a9","hash":"482e9ad3aa5e4c50f3f38a63a7f8018a4279bc77"}
,"C:\\Users\\HP\\Desktop\\Blog_API\\utils\\readTime.js": {"path":"C:\\Users\\HP\\Desktop\\Blog_API\\utils\\readTime.js","statementMap":{"0":{"start":{"line":2,"column":17},"end":{"line":6,"column":1}},"1":{"start":{"line":3,"column":21},"end":{"line":3,"column":43}},"2":{"start":{"line":4,"column":16},"end":{"line":4,"column":28}},"3":{"start":{"line":5,"column":4},"end":{"line":5,"column":54}},"4":{"start":{"line":9,"column":0},"end":{"line":9,"column":26}}},"fnMap":{"0":{"name":"(anonymous_0)","decl":{"start":{"line":2,"column":17},"end":{"line":2,"column":18}},"loc":{"start":{"line":2,"column":27},"end":{"line":6,"column":1}},"line":2}},"branchMap":{"0":{"loc":{"start":{"line":5,"column":11},"end":{"line":5,"column":54}},"type":"cond-expr","locations":[{"start":{"line":5,"column":35},"end":{"line":5,"column":36}},{"start":{"line":5,"column":39},"end":{"line":5,"column":54}}],"line":5}},"s":{"0":1,"1":0,"2":0,"3":0,"4":1},"f":{"0":0},"b":{"0":[0,0]},"_coverageSchema":"1a1c01bbd47fc00a2c39e90264f33305004495a9","hash":"63b07f2aa2e03ae71cc5056d88dfa059967ac35a"}
}
