TN:
SF:controllers\publishedPostsController.js
FN:7,(anonymous_0)
FNF:1
FNH:1
FNDA:1,(anonymous_0)
DA:1,1
DA:2,1
DA:7,1
DA:8,1
DA:9,1
DA:10,1
DA:11,1
DA:12,1
DA:13,1
DA:14,1
DA:15,1
DA:19,1
DA:20,0
DA:21,1
DA:22,0
DA:23,1
DA:24,0
DA:30,1
DA:33,0
DA:34,0
DA:40,0
DA:46,1
LF:22
LH:16
BRDA:12,0,0,1
BRDA:12,1,0,1
BRDA:15,2,0,0
BRDA:15,2,1,1
BRDA:19,3,0,0
BRDA:19,3,1,1
BRDA:21,4,0,0
BRDA:21,4,1,1
BRDA:23,5,0,0
BRDA:23,5,1,1
BRF:10
BRH:6
end_of_record
TN:
SF:model\Post.js
FNF:0
FNH:0
DA:1,1
DA:3,1
DA:4,1
DA:18,1
LF:4
LH:4
BRF:0
BRH:0
end_of_record
TN:
SF:routes\publishedPosts.js
FNF:0
FNH:0
DA:1,1
DA:2,1
DA:8,1
DA:12,1
DA:14,1
LF:5
LH:5
BRF:0
BRH:0
end_of_record
TN:
SF:utils\readTime.js
FN:2,(anonymous_0)
FNF:1
FNH:0
FNDA:0,(anonymous_0)
DA:2,1
DA:3,0
DA:4,0
DA:5,0
DA:9,1
LF:5
LH:2
BRDA:5,0,0,0
BRDA:5,0,1,0
BRF:2
BRH:0
end_of_record
